[debug] [2022-06-14T09:21:23.912Z] ----------------------------------------------------------------------
[debug] [2022-06-14T09:21:23.914Z] Command:       /home/oleg/.nvm/versions/node/v16.13.2/bin/node /home/oleg/.nvm/versions/node/v16.13.2/bin/firebase init hosting
[debug] [2022-06-14T09:21:23.915Z] CLI Version:   11.1.0
[debug] [2022-06-14T09:21:23.915Z] Platform:      linux
[debug] [2022-06-14T09:21:23.915Z] Node Version:  v16.13.2
[debug] [2022-06-14T09:21:24.081Z] Time:          Tue Jun 14 2022 12:21:23 GMT+0300 (Восточная Европа, летнее время)
[debug] [2022-06-14T09:21:24.082Z] ----------------------------------------------------------------------
[debug] 
[debug] [2022-06-14T09:21:24.090Z] > command requires scopes: ["email","openid","https://www.googleapis.com/auth/cloudplatformprojects.readonly","https://www.googleapis.com/auth/firebase","https://www.googleapis.com/auth/cloud-platform"]
[debug] [2022-06-14T09:21:24.091Z] > authorizing via signed-in user (zaporozhets93@gmail.com)
[info] 
     ######## #### ########  ######## ########     ###     ######  ########
     ##        ##  ##     ## ##       ##     ##  ##   ##  ##       ##
     ######    ##  ########  ######   ########  #########  ######  ######
     ##        ##  ##    ##  ##       ##     ## ##     ##       ## ##
     ##       #### ##     ## ######## ########  ##     ##  ######  ########

You're about to initialize a Firebase project in this directory:

  /home/oleg/gromcode/projects/firebase-project-learn

[info] 
=== Project Setup
[info] 
[info] First, let's associate this project directory with a Firebase project.
[info] You can create multiple project aliases by running firebase use --add, 
[info] but for now we'll just set up a default project.
[info] 
[debug] [2022-06-14T09:21:52.369Z] > refreshing access token with scopes: []
[debug] [2022-06-14T09:21:52.372Z] >>> [apiv2][query] POST https://www.googleapis.com/oauth2/v3/token [none]
[debug] [2022-06-14T09:21:52.373Z] >>> [apiv2][body] POST https://www.googleapis.com/oauth2/v3/token [omitted]
[debug] [2022-06-14T09:21:52.615Z] <<< [apiv2][status] POST https://www.googleapis.com/oauth2/v3/token 200
[debug] [2022-06-14T09:21:52.615Z] <<< [apiv2][body] POST https://www.googleapis.com/oauth2/v3/token [omitted]
[debug] [2022-06-14T09:21:52.624Z] >>> [apiv2][query] GET https://firebase.googleapis.com/v1beta1/projects pageSize=100
[debug] [2022-06-14T09:21:53.165Z] <<< [apiv2][status] GET https://firebase.googleapis.com/v1beta1/projects 200
[debug] [2022-06-14T09:21:53.165Z] <<< [apiv2][body] GET https://firebase.googleapis.com/v1beta1/projects [omitted]
[info] i  Using project fir-test-project-1299a (firebase-test-project) 
[info] 
=== Hosting Setup
[info] 
[info] Your public directory is the folder (relative to your project directory) that
[info] will contain Hosting assets to be uploaded with firebase deploy. If you
[info] have a build process for your assets, use your build's output directory.
[info] 
[debug] [2022-06-14T09:24:29.612Z] >>> [apiv2][query] GET https://www.gstatic.com/firebasejs/releases.json [none]
[debug] [2022-06-14T09:24:29.683Z] <<< [apiv2][status] GET https://www.gstatic.com/firebasejs/releases.json 200
[debug] [2022-06-14T09:24:29.684Z] <<< [apiv2][body] GET https://www.gstatic.com/firebasejs/releases.json {"current":{"version":"9.8.3","browserURL":"https://www.gstatic.com/firebasejs/9.8.3/firebase.js","packageURL":"https://www.gstatic.com/firebasejs/9.8.3/firebase.tgz"},"live":{"version":"9.8","browserURL":"https://www.gstatic.com/firebasejs/live/9.8/firebase.js","packageURL":"https://www.gstatic.com/firebasejs/live/9.8/firebase.tgz"},"components":{"analytics":"https://www.gstatic.com/firebasejs/9.8.3/firebase-analytics.js","app":"https://www.gstatic.com/firebasejs/9.8.3/firebase-app.js","app-check":"https://www.gstatic.com/firebasejs/9.8.3/firebase-app-check.js","auth":"https://www.gstatic.com/firebasejs/9.8.3/firebase-auth.js","auth/cordova":"https://www.gstatic.com/firebasejs/9.8.3/firebase-auth/cordova.js","auth/react-native":"https://www.gstatic.com/firebasejs/9.8.3/firebase-auth/react-native.js","functions":"https://www.gstatic.com/firebasejs/9.8.3/firebase-functions.js","firestore":"https://www.gstatic.com/firebasejs/9.8.3/firebase-firestore.js","firestore/lite":"https://www.gstatic.com/firebasejs/9.8.3/firebase-firestore/lite.js","storage":"https://www.gstatic.com/firebasejs/9.8.3/firebase-storage.js","performance":"https://www.gstatic.com/firebasejs/9.8.3/firebase-performance.js","remote-config":"https://www.gstatic.com/firebasejs/9.8.3/firebase-remote-config.js","messaging":"https://www.gstatic.com/firebasejs/9.8.3/firebase-messaging.js","messaging/sw":"https://www.gstatic.com/firebasejs/9.8.3/firebase-messaging/sw.js","database":"https://www.gstatic.com/firebasejs/9.8.3/firebase-database.js","firestore.memory":"https://www.gstatic.com/firebasejs/9.8.3/firebase-firestore.memory.js"}}
[info] ✔  Wrote public/index.html 
[info] 
[info] i  Detected a .git folder at /home/oleg/gromcode/projects/firebase-project-learn 
[info] i  Authorizing with GitHub to upload your service account to a GitHub repository's secrets store. 
[info] 
[info] Visit this URL on this device to log in:
[info] https://github.com/login/oauth/authorize?client_id=89cf50f02ac6aaed3484&state=360569999&redirect_uri=http%3A%2F%2Flocalhost%3A9005&scope=read%3Auser%20repo%20public_repo
[info] 
[info] Waiting for authentication...
[debug] [2022-06-14T09:25:21.941Z] >>> [apiv2][query] POST https://github.com/login/oauth/access_token [none]
[debug] [2022-06-14T09:25:21.942Z] >>> [apiv2][body] POST https://github.com/login/oauth/access_token [stream]
[debug] [2022-06-14T09:25:22.320Z] <<< [apiv2][status] POST https://github.com/login/oauth/access_token 200
[debug] [2022-06-14T09:25:22.320Z] <<< [apiv2][body] POST https://github.com/login/oauth/access_token {"access_token":"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","token_type":"bearer","scope":"read:user,repo"}
[debug] [2022-06-14T09:25:22.327Z] >>> [apiv2][query] GET https://api.github.com/user [none]
[debug] [2022-06-14T09:25:22.618Z] <<< [apiv2][status] GET https://api.github.com/user 200
[debug] [2022-06-14T09:25:22.619Z] <<< [apiv2][body] GET https://api.github.com/user {"login":"NimbleNinja","id":59172109,"node_id":"MDQ6VXNlcjU5MTcyMTA5","avatar_url":"https://avatars.githubusercontent.com/u/59172109?v=4","gravatar_id":"","url":"https://api.github.com/users/NimbleNinja","html_url":"https://github.com/NimbleNinja","followers_url":"https://api.github.com/users/NimbleNinja/followers","following_url":"https://api.github.com/users/NimbleNinja/following{/other_user}","gists_url":"https://api.github.com/users/NimbleNinja/gists{/gist_id}","starred_url":"https://api.github.com/users/NimbleNinja/starred{/owner}{/repo}","subscriptions_url":"https://api.github.com/users/NimbleNinja/subscriptions","organizations_url":"https://api.github.com/users/NimbleNinja/orgs","repos_url":"https://api.github.com/users/NimbleNinja/repos","events_url":"https://api.github.com/users/NimbleNinja/events{/privacy}","received_events_url":"https://api.github.com/users/NimbleNinja/received_events","type":"User","site_admin":false,"name":"Oleg","company":null,"blog":"","location":"Ukrainian, Kiev","email":null,"hireable":null,"bio":"JavaScript developer","twitter_username":null,"public_repos":20,"public_gists":1,"followers":0,"following":0,"created_at":"2019-12-23T13:55:34Z","updated_at":"2022-06-07T09:39:26Z","private_gists":0,"total_private_repos":2,"owned_private_repos":1,"disk_usage":9635,"collaborators":0,"two_factor_authentication":false,"plan":{"name":"free","space":976562499,"collaborators":0,"private_repos":10000}}
[info] 
[info] ✔  Success! Logged into GitHub as NimbleNinja 
[info] 
